d:\project\news-managment-system\news managment system\x64\debug\vc143.pdb
d:\project\news-managment-system\news managment system\x64\debug\vc143.idb
d:\project\news-managment-system\news managment system\x64\debug\io_files.obj
d:\project\news-managment-system\news managment system\x64\debug\user.obj
d:\project\news-managment-system\news managment system\x64\debug\test.obj
d:\project\news-managment-system\news managment system\x64\debug\reader.obj
d:\project\news-managment-system\news managment system\x64\debug\news.obj
d:\project\news-managment-system\news managment system\x64\debug\news managment system.obj
d:\project\news-managment-system\news managment system\x64\debug\menus.obj
d:\project\news-managment-system\news managment system\x64\debug\admin.obj
d:\project\news-managment-system\x64\debug\news managment system.exe
d:\project\news-managment-system\x64\debug\news managment system.pdb
d:\project\news-managment-system\news managment system\x64\debug\news managment system.ilk
d:\project\news-managment-system\news managment system\x64\debug\news man.9e027477.tlog\cl.command.1.tlog
d:\project\news-managment-system\news managment system\x64\debug\news man.9e027477.tlog\cl.items.tlog
d:\project\news-managment-system\news managment system\x64\debug\news man.9e027477.tlog\cl.read.1.tlog
d:\project\news-managment-system\news managment system\x64\debug\news man.9e027477.tlog\cl.write.1.tlog
d:\project\news-managment-system\news managment system\x64\debug\news man.9e027477.tlog\link.command.1.tlog
d:\project\news-managment-system\news managment system\x64\debug\news man.9e027477.tlog\link.read.1.tlog
d:\project\news-managment-system\news managment system\x64\debug\news man.9e027477.tlog\link.secondary.1.tlog
d:\project\news-managment-system\news managment system\x64\debug\news man.9e027477.tlog\link.write.1.tlog
